-83.88096747385993 -3.3386347476822085 2.068413125654707 ECU 0
-65.36399658417625 7.682663417801362 1.5911292755944515 SUR 1
-65.38184529320642 -5.277991587099724 11.471864214343032 BRA 2
-74.8765459886386 -26.211701491777138 6.5550461675136535 ARG 3
-86.72914471585484 6.718421702183541 1.4194357573733134 NIC 4
-89.77686297965074 10.716359364688186 0.595748422385756 BLZ 5
-76.73687884635808 -15.784543803714303 4.120388378288681 BOL 6
-88.35769597811678 8.892633061802368 1.318509428410764 HND 7
-70.58939541330992 -18.252640328688774 2.5071878519932365 PRY 8
-88.27325944642787 54.465001723354725 12.421926961552451 CAN 9
-68.07537359300713 -21.581609375264208 1.672639056433901 URY 10
-89.84582661569989 7.7537036785550155 0.5702341673889294 SLV 11
-96.170116560556 13.525935654803417 5.509780892704494 MEX 12
-86.00127539602443 4.534809746399215 0.8886523258704435 CRI 13
-84.09525924145952 4.0584119097836 1.079583883463198 PAN 14
-90.94830656409054 9.242837201747365 1.2972214356293492 GTM 15
-74.27512808408167 7.16095265349401 3.7633565132471003 VEN 16
-82.81955754303937 -20.137269841150395 3.4183171280439373 CHL 17
-82.68815474097394 -9.701766897581756 4.456666535301835 PER 18
-90.6247790933561 30.162340948234114 12.035174210473643 USA 19
-79.62561813240691 1.2648460364752492 4.200560621540907 COL 20
-62.65803440922399 7.68082957419391 1.1361972943094225 GUF 21
-68.74996186208966 7.596135947000381 1.8226784979427566 GUY 22
