14.937030564264921 161.69653490151103 4.128084835475332 NLD 0
48.99878812999973 126.98333483259178 4.799559790353236 HRV 1
71.16678120498628 135.3707548373356 9.849628694323604 ROU 2
55.32395627276384 135.79518210670636 6.152569255991205 HUN 3
72.33076566149458 119.00379566060163 6.717779652113475 BGR 4
63.129247082113665 115.46986068346203 3.234600759675151 MKD 5
33.50364023814266 124.32759188112443 11.073975893210758 ITA 6
59.366808979564425 123.80314909965006 5.9973442984178815 SRB 7
10.535468306179705 136.09625425177578 14.983998671609509 FRA 8
45.586640337886735 133.85335083381509 2.870521195567486 SVN 9
29.500614609411794 155.00325979013573 12.055369589535669 DEU 10
50.746648100822355 117.87529536044983 4.564589364061769 BIH 11
-10.112194117901906 115.44900582508562 14.35025931090437 ESP 12
57.0031968922755 113.03864409812965 3.4201612920358637 ALB 13
32.864291184648 170.74424637083732 4.187484792151616 DNK 14
13.50825169900338 154.18346217206056 3.523629940182568 BEL 15
46.0819674807195 149.24903823079907 5.666250163492942 CZE 16
-30.244506639403838 112.93536847553793 6.1214723786229515 PRT 17
55.67779401110236 146.30744833817462 4.46764448220331 SVK 18
57.41779472920654 161.8073543809357 11.28087135539374 POL 19
17.067566878169636 151.3559572555404 1.0272511942542313 LUX 20
39.41607444542193 140.0040221796128 5.84183814060275 AUT 21
64.20686216402173 105.06395377277632 7.328385614365436 GRC 22
29.523410371433553 138.97055850120427 4.098062001857889 CHE 23
