31.872908822896886 40.93911421967203 1.0611141467021552 HRV 0
61.764558444808095 36.0063717904029 2.98348871826798 UZB 1
37.48398325413976 39.52124210197521 1.4852560638020988 BGR 2
0.30660961458103086 36.85284621852254 2.3004728066699727 ESH 3
9.289783986275175 4.967830417038614 0.7470500412171746 GNQ 4
34.16432007682022 40.206315465974875 1.3258862551654722 SRB 5
-0.13818870967526728 17.016565963316317 2.330406491421268 BFA 6
1.6263292834419252 12.911781565103523 1.0629028459192835 TGO 7
56.25422126063807 38.30482228526358 3.1162394207103468 TKM 8
31.205075154782495 55.59148784951017 1.1333259844936565 LVA 9
25.4125917346102 45.78579375085062 2.665507813862077 DEU 10
86.10193782937188 10.76960680430492 3.1951110268141085 THA 11
48.638653701664246 38.57164689834408 1.3126084457000167 AZE 12
82.9114218780437 34.14570523468073 13.896905083306088 CHN 13
9.286532644320951 1.9778072960455244 2.3076744731999628 GAB 14
66.84321255162376 25.90551973499612 4.1887942204869955 PAK 15
28.931280624043143 -3.0762998585721473 0.7238815635461997 RWA 16
37.60034305404721 32.202285841191596 1.9194361787197451 SYR 17
23.330195599210242 -14.35351341907048 3.869564065031954 ZMB 18
26.08551049865121 49.23619400327972 0.9259447083887029 DNK 19
74.07540451177795 21.289714221172314 1.7112054176100169 NPL 20
16.238162108141164 32.33689958780131 1.8041864811338404 TUN 21
77.4298338535821 17.214655715926902 1.7134650565475298 BGD 22
67.08854695092555 36.1079592280073 1.9945190821765821 KGZ 23
31.763312436654864 26.37886682239781 4.465887367178297 EGY 24
7.775022062292884 31.506117128314408 6.8837283919103625 DZA 25
7.591079637753852 19.626091856101688 5.020705203937208 NER 26
60.25151976634451 29.740240936950435 3.6022748633096113 AFG 27
48.62241507634915 13.206766238099599 3.2410087234135676 YEM 28
11.184420776719925 40.2579259850169 1.3535746548580387 PRT 29
21.551675270494727 -4.032564333880985 6.8302206523048055 COD 30
44.5314326800564 27.78789150578052 0.5953926770367036 KWT 31
14.560290883643297 37.82011603903865 0.011459044782298866 GIB 32
90.93408267529766 11.994728842728472 1.8978313924053138 KHM 33
98.04128821993748 1.8955066082407868 6.155662621181266 IDN 34
65.22769270317904 33.021671614757885 1.6873146749287713 TJK 35
-10.265839724538928 18.300124493981897 1.194693579415092 SLE 36
42.13767387107598 36.94651113761169 3.9483274680433755 TUR 37
33.08606669564536 53.039145511377605 2.032310400990233 BLR 38
32.58631622396035 43.25394853681586 1.3604513341810025 HUN 39
35.48854385950328 38.71030924319086 0.7152439204557224 MKD 40
93.25133455551445 9.113948346986033 0.33866598937029546 BRN 41
19.966489401138983 -27.882601149448682 4.928796119648913 ZAF 42
16.551914337138 14.342693914848596 5.054276237896395 TCD 43
27.11669459733659 41.843358375361646 0.03488270757635231 SMR 44
22.128249601017636 40.80622438473048 3.3130342502105297 FRA 45
29.84516232535522 -18.451123891567917 3.9934894370046417 MOZ 46
35.63212888441471 7.143436811908795 4.6872704073656974 ETH 47
37.45903703449883 12.947864682846395 1.529608651589643 ERI 48
18.778072900592473 41.4420208696632 0.09651028566648066 AND 49
31.502936764230558 38.94645211022899 1.0093677551500158 BIH 50
13.961905078842111 -12.752399088557853 4.980321987687083 AGO 51
29.25962075932146 68.63268504652767 2.5948179748457867 FIN 52
27.85529356910178 14.342743318357831 6.125691384181968 SDN 53
75.19079123446383 18.990900434442086 0.8739928966635127 BTN 54
82.78005357501608 16.60951617318674 3.6688955361424953 MMR 55
79.88078531813807 53.3796830199357 5.578405333918213 MNG 56
74.0552629085953 47.568854493680256 1.4119911671761494 KOR 57
19.094076013044727 6.153445137208523 3.520585834167919 CAF 58
35.40934178435867 29.801046363393915 0.6428309645191607 ISR 59
90.295453489851 22.684548765941912 0.025623203090434518 MAC 60
93.2596108806719 15.787077128809326 2.5670221234694246 VNM 61
4.164225739027979 40.460895029170054 2.9806529891500544 MAR 62
35.627863657456906 30.877781559969684 0.45601623490481596 LBN 63
43.01611698980965 20.96709079343033 6.539798434042984 SAU 64
50.54778738139338 31.797120393856 5.726387866947215 IRN 65
39.02200503642763 11.38690951022378 0.6793902628095109 DJI 66
29.990450712692294 53.72722422226368 1.1398111643033713 LTU 67
49.77383478383392 65.26214687510806 18.443875381593745 RUS 68
23.71809547865518 -21.005101668966194 2.7882377961477167 ZWE 69
-4.990877816995903 32.54929687427361 4.528377114769312 MRT 70
17.73580971561884 -20.038558312405073 3.402811535949591 BWA 71
49.837308233794225 21.795480323456424 0.4801143761801037 QAT 72
-10.224785523152626 24.878295644636392 0.4611512203165101 GMB 73
67.794789480558 13.927080944192923 8.087518014922516 IND 74
12.66573351118129 6.761058250065461 3.075567202404319 CMR 75
27.187643105730867 37.45279615810842 0.0029587126403525627 VAT 76
-8.748720594963656 16.156213152352862 1.4885324166252638 LBR 77
-1.5623734011848711 12.839312835822515 2.1784645744774607 GHA 78
36.11646675201369 43.02595898844994 2.177817513139257 ROU 79
36.34244242361703 48.54468335416244 3.4650946382120833 UKR 80
28.949979991899347 -4.513165043848067 0.7441559323837372 BDI 81
35.61696976152137 -0.7705467988945607 3.398034774336474 KEN 82
-7.774790045744972 20.624932265232033 2.2116569945313698 GIN 83
28.64361576218692 -13.054990156593712 1.5353466624246925 MWI 84
30.84563429039701 42.28310755158095 0.6350902699561597 SVN 85
25.508646673501005 -28.573318872292557 0.7771282776345174 LSO 86
-4.898247854438269 16.973482632394862 2.5328895910351057 CIV 87
43.50250739459727 8.946520489289869 3.561803420050469 SOM 88
27.856651497762062 4.782421698125119 3.511421052991194 SSD 89
103.60712974395241 -1.8292080592170583 0.5439929323097815 TLS 90
28.12427805520332 42.90106556587067 0.05644863946720295 LIE 91
22.085796588447202 44.81171453845615 0.7793386133325154 BEL 92
14.061052726412195 1.3752402713113523 2.6084924144016046 COG 93
32.13204864262658 -8.334498669851644 4.336230337525722 TZA 94
29.341724304297905 45.93054820196081 1.2526191395317505 CZE 95
91.09588192568613 7.1687137460668815 2.5654359045837594 MYS 96
31.50126469767052 45.33676502656712 0.9877315513067876 SVK 97
30.089245547020212 -0.46739920377192623 2.192198427711486 UGA 98
73.56142383195426 50.42432982558152 1.5485970924477022 PRK 99
22.97619835690175 44.34327509478868 0.22681962730117938 LUX 100
3.0169596644289336 14.99692011807212 1.4968834596502794 BEN 101
35.75148374251265 36.43919233526886 1.6204915318826554 GRC 102
27.190204543742663 42.775306349071414 0.9062889866177661 CHE 103
-7.87284365749944 25.291078392277562 1.9783480245810539 SEN 104
37.234137614843924 29.039631932824477 1.3332275642685192 JOR 105
21.984077527101267 46.5003263597587 0.9124834793863108 NLD 106
52.79040840473909 17.128978996976766 2.4814569634010666 OMN 107
28.191850540056098 39.648067220886034 2.4485112430278764 ITA 108
88.64149511661158 15.36678595591576 2.170537888886252 LAO 109
46.79286160569068 37.70641381324023 0.7692539067434958 ARM 110
25.109076984444965 39.49263673682561 0.006615882589716222 MCO 111
50.633383212071436 20.12590929814033 1.2896729402273222 ARE 112
36.21513399211867 30.34766601730055 0.3517758777701246 PSE 113
26.522645987626465 63.89715412195311 2.9931264797272648 SWE 114
38.4473857086895 44.809349258425534 0.8205988307890941 MDA 115
15.640629978981623 40.74377292644037 3.172840996608651 ESP 116
6.549976600874931 10.573217269386744 4.287043932299397 NGA 117
34.075594191911186 38.1274298897225 0.7562738056920012 ALB 118
28.042099572723316 -22.663893414302848 0.5877644817319413 SWZ 119
46.389284308307836 39.61054120741322 1.1775862155920598 GEO 120
18.84030977354877 25.068498495883453 5.916652266537055 LBY 121
107.06427605191928 1.559533651084619 3.0345330549102756 PNG 122
30.470802984835956 49.419825954788955 2.494168432612114 POL 123
29.33873191112447 43.417382342263735 1.2917618761735137 AUT 124
90.76581748536195 22.862891773080296 0.1482016769299483 HKG 125
32.11699181258022 57.46288795894665 0.9485846827773178 EST 126
24.078402385186642 68.72810678580746 2.5381443609416707 NOR 127
32.99877956497297 38.820368925937174 0.5242100738296842 MNE 128
41.92643695283232 30.194665397818504 2.9530486810777004 IRQ 129
-9.563297371770684 23.027095542955085 0.8477731453877996 GNB 130
-1.1433779751184183 24.088572429252896 4.967305806535249 MLI 131
65.4366204291192 45.444399884391 7.362948270508865 KAZ 132
