946.1417085881275 624.4710277441134 67.32604415723995 UZB 0
643.6805145091648 193.8758946507549 56.00515150565842 OMN 1
1364.310243749383 66.06923436841815 48.98098878916793 LAO 2
1425.1169654094379 -72.84861890367303 7.680831894565328 BRN 3
537.1525414140117 641.918031177541 17.458763493680998 ARM 4
810.7256458902002 640.2639962469653 70.326115149428 TKM 5
1285.037788722639 -24.968934917463518 72.12078927682208 THA 6
1411.02556913404 479.36071615714735 313.56864902966134 CHN 7
581.8772356341088 654.970059428704 29.582007185502984 AZE 8
589.5434798619436 258.47636611918756 29.07916023249058 ARE 9
1013.3531808686046 407.0120441993204 94.53977764293009 PAK 10
331.7201008847148 481.2062004290044 7.680831894565328 PSE 11
1640.2403392592682 -336.4849598866539 12.14446155584636 TLS 12
361.2854318631185 524.0155011329878 43.33604948765962 SYR 13
1129.9111367637602 258.41973312781204 19.83182267511353 BTN 14
1245.645485316715 123.31070376172262 82.78449882981586 MMR 15
1411.2314767180656 915.553395679255 125.85787798984082 MNG 16
1761.5431792974796 491.35967672335744 31.82374217214487 KOR 17
1104.5710240021083 310.5550618025106 38.659339419409996 NPL 18
355.1088022578651 451.56503625311814 30.07644823478061 JOR 19
534.6489878595308 685.4936564499835 26.607182171565352 GEO 20
1057.3486701362417 608.4617963274218 45.00556778531193 KGZ 21
1582.858600029409 220.2807138246953 0 MAC 22
1469.3929896848704 53.08384053570825 57.90416781209434 VNM 23
1171.7332927175996 218.24828736495812 38.659339419409996 BGD 24
313.9696704494591 468.45979711167166 14.3695206974346 ISR 25
866.4950347335836 500.5972480302662 81.28628422045172 AFG 26
318.1273202638008 492.8724958408856 10.399895548500254 LBN 27
415.7261946049006 278.57367223431226 147.5772795196621 SAU 28
656.5760196123238 516.5062390861084 129.2115921335927 IRN 29
549.4110987664055 105.61654493695517 73.13614832894326 YEM 30
1376.7209782505245 -116.6534615078182 57.90416781209434 MYS 31
1750.8120802795265 556.584912168413 34.917526987361995 PRK 32
571.9888268419687 295.81938271883337 10.862336635602116 QAT 33
1597.40207996352 226.50727707139947 3.135686490296606 HKG 34
501.5881105056129 415.28725045940797 13.303591085782676 KWT 35
968.605701551251 136.30832977186785 182.49048828776492 IND 36
1398.956878394426 -19.02640914924045 42.879867841857525 KHM 37
1514.5558286799906 -254.4887014072901 138.89356860478074 IDN 38
1008.8447670764799 541.0792241331987 38.018178224607425 TJK 39
463.18843956099795 485.38857330170714 66.66560922975025 IRQ 40
431.16373648235464 636.3133061703006 89.07778354169427 TUR 41
1061.1677843195207 825.0779590925619 166.13220955479503 KAZ 42
