20.419781971992748 38.8517785688552 3.9124534443268573 HRV 0
74.90256368244718 36.69441044248996 3.5284459453523946 UZB 1
40.48154433267945 36.87883357790489 4.460883269065963 BGR 2
3.8891103765130706 4.042154848188267 5.200277151470965 GNQ 3
27.962871233907087 37.6025660159378 4.262001069776549 SRB 4
10.946537935644425 10.673724226079061 0.8451865422425019 BFA 5
10.351833586913903 8.964114613852058 1.0101911355126527 TGO 6
66.5477412387482 41.528530125095955 6.791610492963277 TKM 7
51.25718615387187 56.678727293855395 3.6422959371100556 LVA 8
6.688303898842321 56.872798295365904 5.326304011362836 DEU 9
87.7639813163885 11.501352681250621 3.6979067248371424 THA 10
56.03780173722714 37.94277598653192 3.6979067248371424 AZE 11
86.09363443044244 32.88016882151588 5.229629842655358 CHN 12
11.086517889165487 5.598622293840936 2.6727145212084253 GAB 13
77.21812221203805 29.561811080280343 1.9692250493581704 PAK 14
16.993247124888775 7.5296256180730845 0.5533044723120375 RWA 15
38.817503370225914 23.29956832227853 2.5355596267275082 SYR 16
17.339974535950592 5.53546359588007 1.1517951073645185 ZMB 17
11.063640215221238 64.50396094951664 4.078470782459274 DNK 18
80.2075302204433 30.734373504426483 1.4639060330374754 NPL 19
15.037295538441303 23.023287154911092 2.9624619356723767 TUN 20
25.77999441396692 12.563119193187786 2.7665223615601864 EGY 21
80.52506781845454 37.57217130832927 2.5556038882654275 KGZ 22
80.28630979809338 23.39698445891235 1.428626004431068 BGD 23
11.575634608792631 17.93841451361416 3.6141696788383837 DZA 24
12.358440420077441 11.306246661118614 0.5533044723120375 NER 25
76.28129918093181 32.40480620150869 1.0594974012687204 AFG 26
49.84238310646914 1.4286037802821332 1.106608944624075 YEM 27
-5.400042453121106 25.493663094171193 3.820072206495222 PRT 28
16.74979815547135 8.367940544313292 0.31945048603317844 COD 29
56.901968377839616 18.224651916193547 8.765991421921763 KWT 30
90.89895178726523 16.058183633234194 1.8351033294846155 KHM 31
100.21156780169594 -0.9461130183102971 2.8213103012772374 IDN 32
78.98620605400721 33.65101643075825 1.9167029161990703 TJK 33
5.9786872229917565 11.249063938144213 0.6389009720663569 SLE 34
46.40853930390537 31.438750145147985 4.140551531922783 TUR 35
45.24976923779018 51.64149673893546 4.738216422442466 BLR 36
26.792218465522268 45.5226929108359 4.297766740745352 HUN 37
33.884976603217126 33.31115312340629 3.5572500636485196 MKD 38
104.63247291643248 14.308063503030196 9.253042004093228 BRN 39
21.42435315784619 -2.3262323453439615 5.297487006343605 ZAF 40
15.712073400404783 10.34503418774799 0.45177120985479796 TCD 41
2.432518476771677 41.31605564538924 3.9513842882090837 FRA 42
19.212462095979078 4.716677827931941 0.9035424197095959 MOZ 43
18.41400571327011 10.068674263158531 0.714313002215534 ETH 44
18.998922064342807 11.404949082881771 0.8451865422425019 ERI 45
6.010822327255999 33.75491099992029 4.716629902785442 AND 46
14.947867436416807 32.678239279633836 4.907491484896619 BIH 47
14.99020682382194 4.314610718441831 1.5649813777307433 AGO 48
50.77297164263218 67.3550930898358 5.111207776530855 FIN 49
17.015530854937417 11.303156608556469 1.2778019441327138 SDN 50
87.03113818376106 25.211291540247476 3.030573406537951 BTN 51
83.08602042811769 23.504386575579478 1.5649813777307433 MMR 52
95.06251406841798 45.27264401967955 9.974838229322978 MNG 53
102.80161244605962 29.895058348844906 6.554575965254889 KOR 54
16.175417914975746 9.394053297522424 0.31945048603317844 CAF 55
30.818155491906044 17.6618452829778 4.897083219765206 ISR 56
92.32698839237547 20.78109140176349 3.097187373169793 VNM 57
6.071106129041507 20.68978407347996 2.5355596267275082 MAR 58
39.388454312527955 29.153358350154974 3.752693512359234 LBN 59
44.25314832744672 8.728660625449558 8.14442130954938 SAU 60
61.45205435322282 30.990253124142583 5.723425965417369 IRN 61
20.683210496715642 10.597361688785226 1.1517951073645185 DJI 62
44.98499441685991 60.69646096016763 4.321446075552789 LTU 63
57.34043023732446 49.624544663167676 6.316724443371901 RUS 64
17.637282759544757 2.9300044096300986 1.6288842619098767 ZWE 65
8.949335064674008 13.79695229557877 1.6288842619098767 MRT 66
13.785220977106233 0.029121981822683014 3.1945048603317847 BWA 67
46.87479421069826 -10.161868824178024 11.685077844409241 QAT 68
3.887475404713228 14.04515054573976 0.8451865422425019 GMB 69
80.98872354627846 27.056865001629976 2.5556038882654275 IND 70
14.900258508066019 9.305410668880253 0.9583514580995351 CMR 71
7.077931056472551 10.400915294602525 0.8451865422425019 LBR 72
8.135022161979382 8.59419614848187 1.392452386083577 GHA 73
33.996120437271934 41.964831415144324 3.6979067248371424 ROU 74
37.14851964353757 48.78727874666309 4.2500122947762895 UKR 75
16.156105341499313 7.9575438550551665 0.45177120985479796 BDI 76
19.254382865588266 8.638105388081847 1.0594974012687204 KEN 77
7.133055604853995 12.197703392308851 0.9583514580995351 GIN 78
18.93151042667479 6.050179647082264 0.5533044723120375 MWI 79
18.181330751451934 46.60616574464795 4.716629902785442 SVN 80
28.157462500425183 -3.053923885747532 1.9431414467281727 LSO 81
8.936155466340306 11.019376374951701 1.1952742707745683 CIV 82
19.44185626209902 10.00233565899743 0.31945048603317844 SOM 83
17.129001513739134 9.499634122469265 0.6389009720663569 SSD 84
103.4445280755409 -3.3054235319261096 1.1952742707745683 TLS 85
10.881209498747355 49.54726795058108 3.6979067248371424 LIE 86
-3.069617128820868 58.178666210969645 5.160880545023653 BEL 87
14.620827454677443 7.090191677478772 1.428626004431068 COG 88
18.24998537433471 7.16667415738776 0.8451865422425019 TZA 89
23.665225272220066 62.06122675122736 5.505309988453849 CZE 90
94.31935860500082 4.946031443162802 5.578962894049785 MYS 91
27.996558961881416 53.711476983138404 4.551468822748027 SVK 92
17.67093901252037 8.434381496669086 0.6389009720663569 UGA 93
92.96601425300008 34.226973322899106 2.045481149778745 PRK 94
-5.874264219781286 47.21318758555924 6.940241015171279 LUX 95
12.602724629354823 9.339416941395264 1.428626004431068 BEN 96
32.507990495567604 26.094322805760548 4.297766740745352 GRC 97
4.0648972455376455 48.2951267675362 3.711679237033097 CHE 98
6.070344693115593 14.469621296046236 1.5320307110554863 SEN 99
38.21844897453343 18.12796449933914 3.030573406537951 JOR 100
2.3463102309074397 66.494568612625 5.449417068899082 NLD 101
57.211829265114275 3.7372087856287597 6.700849926077062 OMN 102
10.250792569895466 42.08422053084496 4.309622671520534 ITA 103
85.91875537574079 18.596869651139095 4.140551531922783 LAO 104
52.72166979966776 32.946955637653936 2.710627259128786 ARM 105
69.23922502785726 9.346129983895606 7.484964165026566 ARE 106
35.35173818075823 21.51663936492791 1.4639060330374754 PSE 107
46.00564382759036 74.13794814344791 3.752693512359234 SWE 108
39.340433651568624 43.200190871652495 2.1666186095467688 MDA 109
2.2763172405223084 26.438307529975784 4.065940888693182 ESP 110
14.266822782679208 11.514529595655574 1.4983555941732745 NGA 111
28.54989425078053 30.96437077801432 2.411798279817271 ALB 112
21.77679444197673 4.2558688116680745 1.7497023720636087 SWZ 113
49.68600179303774 37.81987643392077 3.030573406537951 GEO 114
19.787427440391163 17.022750698447222 5.219863952074295 LBY 115
104.69077419666566 -0.9433988052461572 1.6599134169361123 PNG 116
36.36977307003048 57.781725086150594 5.402397923670055 POL 117
16.28423301403777 55.60395560570927 4.9797402508083355 AUT 118
93.25104318811157 27.688183831865512 3.9254732921078337 HKG 119
58.41176485137661 61.176484704381586 5.39294490168847 EST 120
39.99194664853421 68.18061790312716 5.297487006343605 NOR 121
22.963199751959436 32.103397431276456 3.6840827260756415 MNE 122
45.01144773019561 21.397943025139476 4.39171809911242 IRQ 123
5.480565721656451 12.451762119928533 0.714313002215534 GNB 124
10.449516925813265 12.112775381872792 0.7824906888653717 MLI 125
78.75972477480353 47.115419664561045 7.566324861387717 KAZ 126
