20.944827463283996 50.483278722485366 6.5702712042346265 HRV 0
76.3358426483249 35.002627631124255 3.367355752302871 UZB 1
45.92495536731881 37.642400297894326 5.750702344256486 BGR 2
0.6109602765135865 -1.8959861815232713 4.158440836959245 GNQ 3
38.960052440693396 45.91366647188371 5.233594982366153 SRB 4
-4.605967977784619 5.26428924092024 1.7405073609402937 BFA 5
-4.4012266454442965 1.7648993124173586 1.764515493139316 TGO 6
70.86043293600272 30.393140571847066 4.319728265778028 TKM 7
72.67818156028183 62.802568972566355 6.855453709644222 LVA 8
14.008482204227738 88.3367404853985 8.839253069143421 DEU 9
87.09118582030918 12.614890620722667 4.93996205369854 THA 10
69.29600050089842 38.47328610558849 4.519644054904021 AZE 11
87.16666816388401 30.02121283337217 5.007635920103614 CHN 12
6.282796474309278 -7.460508562838187 4.375375336973871 GAB 13
78.75030270871049 26.52837930089891 2.574245102598739 PAK 14
16.218443212720107 -0.8104913403560378 1.7823093767804905 RWA 15
47.672469645211315 20.514765536335034 2.4485955072130117 SYR 16
17.524642781818574 -6.678574856475365 2.146429733129416 ZMB 17
17.12944110218238 105.11001392437977 9.299687534291785 DNK 18
85.23019819610661 23.443575784237215 2.35665810730509 NPL 19
2.9349621003215254 17.275273884563475 3.8347160056801943 TUN 20
21.539456361184904 9.90931034643014 4.0998503808374185 EGY 21
82.28359558261256 35.35791074043864 2.5578484701428836 KGZ 22
80.78621049277662 16.11642258508189 2.801231711739083 BGD 23
-1.505256588176166 11.561999725455392 3.9348984199852004 DZA 24
0.6440029656944861 6.696426951617635 1.329334454856124 NER 25
76.32702584000529 29.585140394456946 1.6151224762477852 AFG 26
53.61823095598166 -5.692228311970908 1.3759918862150295 YEM 27
-34.49679018129542 21.077275350899164 6.89217961731429 PRT 28
13.631019871210881 -1.9152259987729947 1.239241784218885 COD 29
62.808811541098954 12.491164750598633 8.70737020513227 KWT 30
93.56694875350009 15.978850549612323 2.418338089860771 KHM 31
101.21731566346998 -1.5105460140449405 4.053406272638708 IDN 32
80.20581858142484 31.075775280274115 2.553732862537104 TJK 33
-14.492935942881704 6.6917839368122225 1.521216267049553 SLE 34
53.66139405614204 29.048027817615743 6.6687910451471835 TUR 35
61.787596971124984 60.09497663097285 5.197292151232437 BLR 36
40.39028020618965 57.07688461657332 6.853919192846115 HUN 37
36.143374218120556 37.03036431724911 4.775394549479288 MKD 38
106.6055259139206 14.72338302254899 9.6122660773287 BRN 39
20.976094316385296 -16.588963962604062 4.307535951690945 ZAF 40
7.479534351041708 4.547227603188158 1.3987370946538107 TCD 41
7.362149647875702 46.068911518509815 8.685598721737 SMR 42
-25.613252256238244 52.612318246226 8.113297477556145 FRA 43
21.44985917512978 -7.618418273153157 1.3134137074231282 MOZ 44
14.660482624681627 6.6370568869830535 1.8403802174178419 ETH 45
12.19389865910647 8.994826527358743 1.5755624504343861 ERI 46
-18.59454251620323 37.61261632472126 8.562409800458967 AND 47
31.39246575382098 51.18764069817333 4.672973251017103 BIH 48
12.699626286066394 -5.608864207065916 2.7974741893076214 AGO 49
92.55565312523518 67.30201845021396 8.417452216602577 FIN 50
10.994574995008579 5.567629268017528 2.2609853850721624 SDN 51
74.1689838002245 22.93686405189742 3.6779015913481796 BTN 52
84.99805003794144 19.069581904579007 2.3477144010092337 MMR 53
87.44078482218292 38.88307608238628 3.8945945399293036 MNG 54
10.793368717626871 2.1165131834348343 1.178329053652545 CAF 55
32.12775983696738 15.244138506690998 7.7131951740643725 ISR 56
96.26323916232931 21.084655387678605 3.3579715563917882 VNM 57
-11.125021660909646 18.182116854717187 3.2334996081851326 MAR 58
42.348146186250325 18.137338459521583 3.695021474051735 LBN 59
50.13309121687587 3.149863040358534 8.127546115060364 SAU 60
65.23359989346604 24.65089823670827 4.314855474305139 IRN 61
15.353577564772076 11.389867226299598 2.6823019870127336 DJI 62
63.4646024577519 72.31980094636953 7.371516150404838 LTU 63
71.12191616228745 50.71066850472561 6.238504353537664 RUS 64
19.710847460274714 -10.535782847052928 2.3342345896835592 ZWE 65
-6.782713033423667 14.769768802103865 2.697942364390644 MRT 66
13.4015433960847 -12.663942588137257 4.817063535017234 BWA 67
51.38761614205004 -17.409048050945692 11.172963738565123 QAT 68
-11.824587756742472 13.580590830978663 1.764515493139316 GMB 69
80.5302327736381 21.580334023141695 3.0733908133587033 IND 70
6.887994192553503 0.91844604287635 2.279518362187774 CMR 71
-12.54565304407039 4.845409112990134 1.3606171926405088 LBR 72
-8.112320346031183 -0.4514961146693752 2.868025424754561 GHA 73
49.75761805857322 48.817545764111784 6.559055027679102 ROU 74
53.046388526419086 58.43604669902281 4.3585144829777605 UKR 75
15.744814138564603 -3.3817648302847445 1.0256037980216552 BDI 76
16.83306385890281 3.160401455444628 2.5330545233275763 KEN 77
-11.581150975476014 7.950374426366974 1.8855496410186545 GIN 78
21.33318311836943 -5.047489279564592 1.4504228007835804 MWI 79
26.921960104723876 62.18929831391381 7.5463813161647355 SVN 80
27.151709921037263 -17.303167635981993 1.9674492099926002 LSO 81
-8.736141431339693 4.726029757522827 2.7328059515206604 CIV 82
17.451810009007556 7.136896209802879 1.2048116648309357 SOM 83
13.27227625580733 3.4957747155583347 1.0459147558654582 SSD 84
106.20141951562395 -5.80990855553988 2.52889856560914 TLS 85
6.996653512648775 67.76428872794541 14.50422800783581 LIE 86
-11.374461578361371 86.74412209512104 8.65648490108955 BEL 87
10.404956461263083 -1.3549709230426128 2.0357654120833253 COG 88
18.83780550947893 -3.0961376899468886 1.9513443071045982 TZA 89
40.614212427525736 82.43902924168127 7.450995710927365 CZE 90
94.47901539489588 5.227336199060514 6.1809117148489605 MYS 91
38.16208340685243 69.43291840850203 6.630827979339183 SVK 92
13.37212169010631 0.875373731189442 1.7704666584093005 UGA 93
-17.065975555466995 69.33744729026927 11.01271180293693 LUX 94
-1.2643355861961425 3.7287000679571336 2.2092181916678824 BEN 95
39.59515807855203 27.169204137067595 6.445819920335929 GRC 96
-8.96401075987273 51.7314709451231 9.793308024569084 CHE 97
-9.251532831000622 10.946159276038351 2.190090401411545 SEN 98
47.94164239153895 14.0095969339218 3.771099282037309 JOR 99
0.5501443596998197 98.001432073939 8.956287392574222 NLD 100
61.12098218268595 -4.45855053227359 6.226690591962634 OMN 101
-3.5079000361162302 35.18553180051553 7.834968631981853 ITA 102
90.07019638059538 20.52655295691234 3.3201695464858867 LAO 103
63.11937702162816 33.003267048402655 4.34158814919778 ARM 104
74.83671541244497 0.5858474028452224 9.468939483913797 ARE 105
41.53329805475991 11.723617720346576 3.069966421416905 PSE 106
94.5960735358534 83.23722616406799 8.83568237496857 SWE 107
59.89689628848485 51.15528897008321 4.616356510221355 MDA 108
-20.670591269238315 22.88407449586283 7.4127815955266785 ESP 109
3.469861956462579 3.9390553447288514 2.6188065490538275 NGA 110
29.360634951138223 31.686489493028077 4.498649465777081 ALB 111
24.97205625754509 -10.620491714442139 3.316999932831169 SWZ 112
61.074497324120344 41.557060414119256 4.584345727289607 GEO 113
6.38966274956135 10.110581040403174 4.686459493347116 LBY 114
107.27281499385 -1.3506265761558889 2.3964917696123598 PNG 115
50.7166022158268 68.63727321584312 6.879959431075153 POL 116
26.335049934086797 77.53287531698712 8.765163119629943 AUT 117
101.20925626421722 32.081046756198376 9.47116093602271 HKG 118
83.75258625612824 55.515008218886074 7.382922758620879 EST 119
78.59409691868419 76.96127976939637 9.625388630984641 NOR 120
27.778744225273307 41.604111120770824 5.463687052866096 MNE 121
53.3290182905281 19.226351194001325 3.782239924571631 IRQ 122
-13.301439058386613 10.761138377859416 1.6537364334569002 GNB 123
-6.2183275192964 8.431047504505694 1.7465403334872307 MLI 124
79.36755314239228 43.03907694366685 5.857625454896075 KAZ 125
