79.54213944605414 109.31838923539517 1.9100916788618199 NLD 0
100.34505468206798 97.59891231656765 3.5734543198143864 UZB 1
85.17289007539455 100.16473595112636 1.559583325049175 ITA 2
79.61296683989107 102.66955382378052 2.586276359241501 FRA 3
85.9069988070057 107.16290842629415 4.869797371633819 DEU 4
80.14159758100242 -18.00236661633275 15.340307666304723 THA 5
116.1720779322105 44.476917201883936 52.3506847281052 CHN 6
39.88137150632083 25.272918572816376 3.8201833577236397 PAK 7
90.27221793103882 121.20065328178667 1.9100916788618199 SWE 8
93.2229985695987 121.73681454193942 1.1027919449677375 FIN 9
76.19170997833623 99.13931021924094 2.3393749875737653 ESP 10
74.05106895844717 3.312448748993061 6.842644068238564 MMR 11
57.967702747208996 23.6576667927207 10.016605268032283 NPL 12
87.14982759726503 112.95155566390774 1.1027919449677375 DNK 13
79.99084801892052 106.33915450527333 1.1027919449677375 BEL 14
62.78886316046497 7.1854137435547525 5.172552718483002 BGD 15
91.25139775806367 102.84357513929928 2.0631348134816676 CZE 16
34.08975119523343 25.954252000231275 2.0631348134816676 IRN 17
105.86045486607756 120.84392234002925 11.566179495729303 RUS 18
93.52143658188628 -39.17256521283091 9.70832790577984 MYS 19
95.62426443388651 108.06376108071477 4.806958643865023 POL 20
37.361544412557244 0.06292028397098078 21.469067935117494 IND 21
98.82704253636747 -25.47444794214628 4.9318355079741325 KHM 22
120.71892645054189 -67.20514989902782 29.446816511815296 IDN 23
83.1883884879897 101.90405049830119 1.1027919449677375 CHE 24
27.51260932027494 28.503314358814087 5.053627563602231 TUR 25
104.40872079134382 104.70293640613335 4.6787499751475305 KAZ 26
