-3076.2293814189984 -615.0292831967221 293.97376944979595 ECU 0
-2143.3491298458453 -387.4414438245843 68.70056670477817 SUR 1
-2216.4552887556797 -616.3981997306822 174.92031276583646 BRA 2
-2299.376302008017 -1135.3625831855702 140.33112463918795 ARG 3
-3857.6542298053096 692.0369891081224 262.6904284643317 NIC 4
-4751.136414375722 1799.127999049119 146.0148304215582 BLZ 5
-2376.291581910407 -859.758384648645 116.2252172829037 BOL 6
-4227.978507673269 1159.8180218950424 334.13608397305273 HND 7
-2126.7448806781285 -916.298080652352 142.6317882055544 PRY 8
-4960.950518478624 2711.1351135653745 71.03005770562986 CAN 9
-2015.4751725394324 -1184.8070507627149 152.02166779649286 URY 10
-4618.90112685058 308.8881730837237 601.8993863890922 SLV 11
-5140.442616035249 1970.120953095131 279.20878404829693 MEX 12
-3664.9741792528193 113.60081170513492 347.038118770471 CRI 13
-3078.383370497999 -33.191979728001634 266.3818098133184 PAN 14
-5000.599243226337 1268.8748634043147 446.1434785287027 GTM 15
-2272.7101340577724 -114.99020635950266 196.39729123572448 VEN 16
-2599.592045015828 -1049.948889500913 176.31042982835464 CHL 17
-2619.248185933684 -701.4595353786597 177.68967194077516 PER 18
-4986.285246400443 2432.590375671886 209.2365066580134 USA 19
-2657.6777050758797 -296.11224066966236 235.23437133689126 COL 20
-2010.2670497550066 -388.1006256052001 66.2892648431875 GUF 21
-2279.711723674836 -379.5612118779482 69.87502044086561 GUY 22
