-3549.6282929468134 -234.44617791142815 147.78189484398752 ECU 0
-2676.1347421291925 212.72729615036258 27.352393807201963 SUR 1
-2639.0765060777226 -319.8028430304012 509.74012804679023 BRA 2
-3040.554728361897 -1144.298922470482 234.4269744692753 ARG 3
-3764.167195802535 433.01891923797206 91.97713465597649 NIC 4
-4155.81829109135 800.309594733228 22.207471866439153 BLZ 5
-3114.259621823477 -730.2312228231988 121.95701870890991 BOL 6
-3886.476637056066 596.0966943774482 112.77680878058416 HND 7
-2932.009548420084 -839.8439582829237 90.7621765965497 PRY 8
-4151.609189515861 2799.266967990503 215.7782876532897 CAN 9
-2756.04244905452 -1053.9058657762082 64.10583244663329 URY 10
-4010.186106393313 440.0916216072611 87.41845532432286 SLV 11
-4555.68452165515 976.1228987136604 392.7121675575522 MEX 12
-3710.214482474535 271.1592408548114 79.10513634696473 CRI 13
-3562.748688290563 234.2779133377012 73.24319046186216 PAN 14
-4144.298109359247 631.163181840148 147.381566758304 GTM 15
-2931.629986190375 312.45632282456074 186.0736338619272 VEN 16
-3334.7613691401966 -895.0650430485065 153.5159422770942 CHL 17
-3379.464236476353 -541.2263475494872 203.08518229898434 PER 18
-4229.92306701693 1953.3963543842337 638.9029647771083 USA 19
-3289.693123822035 63.63303232568974 250.06661996431612 COL 20
-2629.445063759591 212.68567074007754 19.365164165369503 GUF 21
-2731.421602642555 231.20844927649642 31.257239430275316 GUY 22
