38.65602403910035 31.82011364445318 1.1416385353403853 HRV 0
49.44184730277143 33.04098505387799 1.2047830809370796 UZB 1
43.64396138909136 29.93162739286199 1.0583087092884622 BGR 2
28.859747769063482 22.29459265137919 0.20044947915045394 ESH 3
28.737415857611207 15.650856866922844 1.054743369421501 GNQ 4
40.5213767300487 30.76438016920464 1.2192865809941766 SRB 5
27.37150042672929 20.057900638716337 1.243756309382992 BFA 6
22.953866738607378 17.94858822452694 1.7402778584211782 TGO 7
48.41370757846188 34.17767887657089 0.501123697876135 TKM 8
47.20895056258204 37.420103474881664 0.7313659590250288 LVA 9
37.655715310328745 39.650394391214036 2.083132093435829 DEU 10
55.76927407044027 34.18315703176443 1.5988908964134074 THA 11
45.363674778237566 32.178303733896634 1.5141898460998755 AZE 12
50.73312635768296 36.83829813186058 1.6590146376330284 CHN 13
29.669560987218386 16.587634835217788 0.4162646067051646 GAB 14
54.27095152880782 30.92957015816032 2.3828418660407786 PAK 15
33.57121435867258 8.564929503557641 3.224371778769367 RWA 16
45.815911642436134 26.55953050112859 1.5175031757643507 SYR 17
31.420588736123715 14.84130292578015 0.7104654606325591 ZMB 18
40.57206398588084 41.610576730842794 1.6399842461857315 DNK 19
50.253667265624436 40.072776193896985 1.9805483796542471 NPL 20
30.619367784291786 20.979989214143725 1.207905634116103 TUN 21
65.42713049130131 36.80410280610776 4.917144618980961 BGD 22
49.36944925998984 34.84869641224539 0.7986597522446905 KGZ 23
32.81915356053492 20.08425264849073 1.4358746206771515 EGY 24
29.005882566509026 21.069742964937195 0.5908161263849707 DZA 25
29.22981739409322 19.876522339312917 0.6259032980372933 NER 26
50.99778347042157 34.38703468844185 1.0852539173334568 AFG 27
47.84194162077538 25.383587278340435 1.0898720399709927 YEM 28
29.578362272630713 28.985476506816223 1.42710316033826 PRT 29
31.640927215743808 16.37315595467216 0.9061890647507719 COD 30
51.29221065003059 27.72874709263009 2.098146934522365 KWT 31
14.349294730015185 25.384119091399693 9.352906968745964 GIB 32
53.14554835502824 34.132395530521094 1.3220551144292148 KHM 33
59.5290364347611 30.325002233165815 1.6399842461857315 IDN 34
51.471555940846415 32.4322063474276 1.1536733901053509 TJK 35
24.354631304345972 25.731543708216392 1.4891048995487346 SLE 36
45.82617788078215 29.29123127050365 1.4120666368659924 TUR 37
45.72846507137924 37.292143621198825 0.922666579183752 BLR 38
40.76999015541501 33.19369549696955 1.4226971505625499 HUN 39
41.81911763477132 28.991304182223775 1.2264740167784143 MKD 40
59.47065410924838 33.724152164264616 1.2497988857269724 BRN 41
30.464909800038274 12.788289033164265 0.9521350259646562 ZAF 42
30.178260496784997 18.986248372209207 0.5134989859792366 TCD 43
28.710962278643976 41.45102738425369 3.19424594358091 SMR 44
32.80771561781731 34.58357434445593 1.4670176931826855 FRA 45
31.8860403733214 11.94847347698242 0.8851609328183895 MOZ 46
35.196810653539394 19.101077576983897 1.4279827309366098 ETH 47
34.60076002874781 20.96536320833976 0.7500132743382851 ERI 48
31.48234236444531 32.003890140002646 1.761077301846 AND 49
37.05824320757115 30.642369167564546 1.0677580816840755 BIH 50
30.351022716710858 15.665539638307608 0.7313659590250288 AGO 51
47.48343973588961 34.447003178515835 0.5757472952228506 FIN 52
31.255662845468784 18.986902660847075 0.6852763502935195 SDN 53
52.9771255941558 37.20637129629131 0.6137486789065846 BTN 54
54.49385977331115 36.417750056461045 1.2336195771276866 MMR 55
47.83420954936418 35.05031375559439 0.20044947915045394 MNG 56
48.612068209405 44.33881495565501 3.10737103256657 KOR 57
30.716814341244465 17.93469890112183 0.41018742494613936 CAF 58
40.20249838934845 19.335314157911327 2.7775094579144364 ISR 59
67.89705014063445 10.81235266754213 19.735113981225375 MAC 60
54.16461190936573 39.667502655511306 2.395979256734074 VNM 61
29.93604889987955 23.071996119119618 1.2417355829316223 MAR 62
41.91923449986742 24.315340691071725 3.085880507234545 LBN 63
49.22664307804804 25.91433550166949 0.5602733267935521 SAU 64
49.876899107083055 31.10872556050807 0.9997386373851653 IRN 65
36.29548741105749 20.92728025436215 0.9441893930956504 DJI 66
48.21753054306092 36.3697949016976 0.8894063333511365 LTU 67
47.489915919646286 35.467315057185345 0.4008989583009079 RUS 68
32.009189528008505 13.534211482816291 0.8851609328183895 ZWE 69
28.955737077824438 21.862500782839362 0.2922028175682735 MRT 70
30.9082467807789 13.951569709332096 0.2922028175682735 BWA 71
51.87594156561934 24.026186050332612 2.0740710148440873 QAT 72
26.314112405237424 28.557261096747382 2.2332357056479273 GMB 73
58.373464473033714 37.34094391554857 2.957054468073536 IND 74
29.2900990043778 17.84987756477239 1.049970750504841 CMR 75
25.834104395163862 34.70310547101272 4.628549490551769 VAT 76
25.932626618733167 24.13163496508051 1.0122202522860584 LBR 77
23.86434350709985 22.698425603811696 1.6521889484647556 GHA 78
42.72874440634428 31.79732931000266 1.2548121384466417 ROU 79
45.28004389669546 35.31097546410479 1.0747905929231236 UKR 80
26.845016878693553 12.40053856893579 3.0630097170935024 BDI 81
33.26136690908159 17.557239926290958 1.3277413992275828 KEN 82
27.770191092251267 23.7258645244294 1.0245498207482926 GIN 83
36.381039218449146 12.335775344735548 2.010124527391377 MWI 84
38.40808160854021 34.07717680356782 1.3842266610538845 SVN 85
30.310198807372505 10.808700560642219 1.1816322527699414 LSO 86
26.44183474279521 22.131222272747234 1.2854579886447781 CIV 87
37.066035525602636 19.602443461058566 0.7261972302366684 SOM 88
31.599718470245268 17.91779752488574 0.5647377266729889 SSD 89
61.50679856902697 28.58753368905452 1.2903327046151052 TLS 90
31.26002915726059 37.41211043993365 2.1219497032387022 LIE 91
32.97456184808078 44.51547836075827 2.6502764284557676 BEL 92
30.462708631263936 16.985383364791012 0.5713689252531741 COG 93
33.14706556089935 14.996637625937785 1.1773741046766928 TZA 94
40.70422334171357 38.427965890950645 1.5727621758055346 CZE 95
57.6225720233157 32.25389174168875 1.3787733503146933 MYS 96
41.227484944907374 35.74844990839298 1.4661615403854111 SVK 97
35.917571729904104 15.999008625354072 2.099941501009682 UGA 98
46.69797163750001 39.80933899204845 1.9881415642302338 PRK 99
33.90788409734795 40.30317581547546 2.1513328481109912 LUX 100
24.917905878628506 20.081873088765075 1.4874175280157835 BEN 101
43.634030583878456 27.77071601106085 1.207905634116103 GRC 102
35.27604456339164 36.81876523175383 2.012621577456459 CHE 103
29.413258891926883 25.29130723937063 1.2961581640500959 SEN 104
46.031976378691624 23.82773485154862 1.5241082262427188 JOR 105
38.09204339136874 45.12221995517645 3.085880507234545 NLD 106
49.64692941064207 25.036303395536493 0.5231885004705538 OMN 107
35.55544045259343 33.31075619755111 1.9036105644456638 ITA 108
52.74329169165514 35.974343002438495 0.776337494505659 LAO 109
47.81212158300984 30.752580442202646 1.3324614333073497 ARM 110
38.602355375794986 64.36673745250432 18.172972979103513 MCO 111
48.724518221786425 23.167798904401685 1.5615451857581117 ARE 112
35.606591694495364 25.342029797332266 4.029296303456449 PSE 113
46.290393616886995 34.019860412623125 0.6889311834160705 SWE 114
43.47785305601545 34.04158407823624 1.3787733503146933 MDA 115
32.02329257952076 29.290596006941794 1.3153900479889327 ESP 116
26.32852711766114 17.16927317820874 2.1148370026567176 NGA 117
39.69540004651051 28.023108945390167 1.3714685394467343 ALB 118
33.57140881225244 12.613930726852661 1.1316966461568063 SWZ 119
47.439259165403456 33.042473872192666 0.9883704248049774 GEO 120
30.112481823731102 19.75743259260004 0.26516973613226413 LBY 121
61.709956876060396 30.31317563000127 0.6437050449899673 PNG 122
43.49707376222685 37.2478545235131 1.5615451857581117 POL 123
38.36557383311722 36.583527951551154 1.4058283820260264 AUT 124
61.51411282141015 50.926226763945316 11.394587623757126 HKG 125
46.73511267145424 36.17643596913878 0.7500132743382851 EST 126
46.6888339373331 35.03345889663324 0.5231885004705538 NOR 127
38.62522675070922 29.783298823795622 0.9213047089518829 MNE 128
48.16640582343131 27.682171517561503 1.3815026964704749 IRQ 129
27.214463875412207 25.626389985848142 1.179505100274987 GNB 130
28.162317197343963 21.711161591072155 0.5886870523383464 MLI 131
48.34201308127668 35.04110242232092 0.36482355886608736 KAZ 132
