103.54801327007362 327.23299772253364 12.188957782521324 HRV 0
486.7345712926133 352.48244571483093 36.10005486075143 UZB 1
162.93763463750685 311.97575359057254 15.743601559636426 BGR 2
-134.9174162725787 174.70897001233993 4.665848968714255 ESH 3
17.291001180355423 -50.26191251280645 7.971465051273085 GNQ 4
131.39073166324619 320.9303249747667 16.277189794103236 SRB 5
-98.12396753557599 66.12519435252624 29.35515918382689 BFA 6
-57.536362892824854 -11.3757900792946 18.317660984097746 TGO 7
438.0759288888004 355.1479615067309 15.539863799341362 TKM 8
202.9435918054265 466.32284013929313 8.235613715741296 LVA 9
33.54525733173176 430.0669795232197 55.560631300634356 DEU 10
729.2085773585243 -14.812294850212172 51.585320247111525 THA 11
323.1012782625571 332.54209540561016 19.644626851531413 AZE 12
776.0477535016953 345.47426086139546 229.86294023787238 CHN 13
26.182286054573453 -64.15005415326277 9.50293603571766 GAB 14
487.8533367666014 154.76619503923493 94.40692401150325 PAK 15
198.64425674626014 -91.08793948672134 22.855378631989556 RWA 16
277.9248987257766 247.56019909771368 29.339786650233727 SYR 17
139.50147837286588 -178.87549279403046 27.610488662148267 ZMB 18
46.552252032089285 495.2839238516495 14.800827674777667 DNK 19
608.699725743683 161.29810921487527 33.83878893688831 NPL 20
28.30200815551039 214.9647254722915 21.487738923141485 TUN 21
626.66840385845 55.325110715317024 80.06177331605592 BGD 22
531.4909909415561 372.48967672737155 15.799594134074253 KGZ 23
166.93605406073658 180.20790946128048 64.63289291437935 EGY 24
-82.89846845825262 172.67609235225314 41.112280303008646 DZA 25
-18.16352689569015 195.85695618164243 31.75161605739708 NER 26
483.9391589155519 281.1328888418 39.56581856176833 AFG 27
363.4647243206184 84.68129735623963 35.731504133132816 YEM 28
-146.75273791580875 279.7012264128478 19.48813255679525 PRT 29
119.87950888464412 -79.15386712428975 61.562836737715855 COD 30
366.8579369296771 182.46267192080091 12.638976620977445 KWT 31
-103.76986082494336 249.1298215889091 1.0997511485900373 GIB 32
800.8178538036719 -4.638171691676718 25.05980563576521 KHM 33
903.7733319693078 -136.10967384684966 101.41855032415229 IDN 34
536.9760352047203 337.72276759989296 19.388877761826926 TJK 35
-190.7564185216619 52.36113239208483 18.050027430375714 SLE 36
234.56505616043088 315.86673150536205 56.39537179669045 TUR 37
225.07827131122062 453.70258099079365 18.76188413588907 BLR 38
111.43967974074886 355.98260200776235 19.40125053615276 HUN 39
142.94883874067273 300.28926094598637 8.791460613798275 MKD 40
824.950166673918 -37.424721040564044 4.096187857316953 BRN 41
118.46563328476341 -276.90356775696443 47.31831677202444 ZAF 42
106.46490709071797 23.95625983589058 26.027443849964225 TCD 43
38.61120926127679 342.81664162386403 1.1170711298325047 SMR 44
-31.034253982457745 351.888220952055 48.989356875671994 FRA 45
215.64805344530222 -238.75335680967515 35.443979487449816 MOZ 46
244.33763206743362 67.09049304350873 68.47802321530847 ETH 47
319.65684930815996 75.10534863621822 11.787004133102117 ERI 48
-49.33207222710394 304.8765320593351 1.7250035715071896 AND 49
110.19601805841974 306.4726716902614 10.909000651222021 BIH 50
77.04188260821678 -161.57770912140077 36.872199465998776 AGO 51
274.4432585666682 502.6455625278983 14.336322731429686 FIN 52
140.50873458931912 78.63266631075743 42.225379637251635 SDN 53
660.5285918477995 140.2157508148738 5.401892576951453 BTN 54
741.0989414138801 84.10543111354555 44.974693610288924 MMR 55
384.8158815209345 375.02306647564444 11.303115863877508 MNG 56
936.6795216805585 53.414427616693025 43.8083426591758 KOR 57
92.68835913716889 -12.631594168517402 14.588531807996956 CAF 58
241.44590896456765 216.9880002007057 18.439353533705457 ISR 59
872.911897439386 133.52900480425686 5.107799930534686 MAC 60
839.0898467225935 66.48746826719884 60.529462617423334 VNM 61
-143.03096501354148 216.03799723174524 37.4484855933177 MAR 62
236.94476244565067 247.35138317357575 14.086412432123302 LBN 63
316.1669943873537 156.43384736296852 37.003949885808375 SAU 64
390.4100055513181 304.5157735576609 57.48772736675776 IRN 65
318.5789837023057 56.874060677662676 6.489966590617996 DJI 66
196.20310612774702 450.4468704354872 10.037396097352412 LTU 67
316.993031577612 425.32540162728844 73.16602715783876 RUS 68
160.81167728040754 -223.56263143659572 24.852491216914792 ZWE 69
-135.39394751369943 156.63375473749124 13.424888580360017 MRT 70
127.2331049567716 -214.39053913674428 9.957706293294589 BWA 71
360.1879738514021 162.13325755490288 10.033570141010873 QAT 72
-203.2716837143722 124.04656328061142 10.138257857738383 GMB 73
503.16877709886126 -210.0383035516856 230.10113502809804 IND 74
47.821104526827696 -27.183799379677872 32.58385177334075 CMR 75
36.28374931701466 259.82727565773615 0.13855562110604205 VAT 76
-189.0526664831202 21.703226398877185 14.170657185368913 LBR 77
-108.27339668904293 -19.442192619137845 35.56131980688505 GHA 78
155.3351787749603 354.1916493336622 27.152306391161922 ROU 79
210.38937761833787 403.2685564534376 36.902645158535556 UKR 80
181.09858976332995 -131.2597075407474 22.150273140529237 BDI 81
287.35137114492466 -31.77951311848431 45.189528703237215 KEN 82
-162.9060942347755 82.42831601392731 22.932943542805845 GIN 83
191.58078848111901 -184.08507561619638 27.85243703162317 MWI 84
88.65361980495973 342.1178508806818 8.863228830015153 SVN 85
171.6033965466721 -282.99589104695303 9.293560833729158 LSO 86
-146.18626871095393 32.64971306765132 32.711746797564544 CIV 87
328.71241784809064 26.09114578583594 25.93100931445742 SOM 88
148.32179565848148 -2.29417497084392 20.272254699927075 SSD 89
991.0727113529858 -192.40272883559575 7.101566953003601 TLS 90
54.422341030451214 363.36212174222334 1.207899900921496 LIE 91
-41.588957857871854 416.9064498913656 20.811035840635824 BEL 92
47.92937138057757 -72.1290492034519 15.043976049948204 COG 93
248.83827763172948 -138.06171424095788 49.99324130297026 TZA 94
94.96742960699773 394.3682764108138 19.722164995207354 CZE 95
795.5615007971046 -64.17519215752789 35.65835980605368 MYS 96
125.93228023043882 384.6920395758279 14.655491177276398 SVK 97
204.68873263278113 -29.772760791069665 42.432418611457 UGA 98
907.3196745103962 119.6636312272267 31.13773639355712 PRK 99
-19.063866547534797 404.4868619456503 4.926037192009667 LUX 100
-74.1048653056765 23.443334240440194 22.543727661776884 BEN 101
156.54406132323746 277.2274662924908 19.577080656639737 GRC 102
35.387244553972835 360.62101194176404 18.05587617643785 CHE 103
-169.93622095485182 130.47938028226895 25.65786743912398 SEN 104
276.86969408837257 200.54128478310116 20.497804512332852 JOR 105
-35.64575134283102 462.8047808858272 25.55290231430542 NLD 106
355.4445542215227 130.0781436918974 13.119688289588538 OMN 107
54.73007610740803 300.65864019243566 46.709892687954344 ITA 108
776.1800631915929 29.46900458732715 16.820104562230725 LAO 109
297.0656849783484 321.93434047430827 10.146775415433938 ARM 110
12.63085682187827 333.63968741634363 1.1592394963102621 MCO 111
381.46942054096195 145.20824509469062 18.780293184441213 ARE 112
245.43167373657658 186.5314777229508 14.108881528757 PSE 113
249.7794806286057 481.7540343637091 19.831854761717082 SWE 114
190.69338519780644 362.282282083209 11.284417561804313 MDA 115
-89.23052416502988 287.0802465453387 41.96588791233438 ESP 116
14.025661103351382 84.5085087495698 91.07384394996578 NGA 117
129.092083311963 288.84185649694126 10.245623731426173 ALB 118
178.01197608421415 -257.71655583013745 6.698128973629083 SWZ 119
293.7158452202919 343.559051055575 11.754384714997359 GEO 120
44.04377473718324 180.96871043278998 15.977812257715303 LBY 121
1017.8654636173675 -140.34941574962818 19.56629087265894 PNG 122
145.91798564045217 434.46309859930585 38.99325429807773 POL 123
73.80561417739386 363.86773348481825 18.22151289335499 AUT 124
923.3388488278323 161.83198400271348 16.663005689430477 HKG 125
209.38284715042326 479.18715636727137 7.002201367981858 EST 126
248.16517299535056 513.870062054366 14.243625674679055 NOR 127
124.44278463189019 302.2753060874762 4.81767278977703 MNE 128
340.7329162607784 225.89104160011664 41.06649303660707 IRQ 129
-186.95473844631792 100.4750040670982 8.927972048657885 GNB 130
-119.72993248342179 117.16993043408786 29.38196009185405 MLI 131
493.71908690313506 411.5762269419335 26.956458112337515 KAZ 132
